13:10:17:173  INFO 61680 --- [main] com.hmall.item.ItemApplication           : Starting ItemApplication using Java 11.0.22 on DESKTOP-G9AFBGC with PID 61680 (D:\project\hmall\item-service\target\classes started by zhengshuaijie in D:\project\hmall)
13:10:17:182 DEBUG 61680 --- [main] com.hmall.item.ItemApplication           : Running with Spring Boot v2.7.12, Spring v5.3.27
13:10:17:202  INFO 61680 --- [main] com.hmall.item.ItemApplication           : The following 1 profile is active: "local"
13:10:19:861  INFO 61680 --- [main] o.s.cloud.context.scope.GenericScope     : BeanFactory id=babe49d5-20f4-37aa-99c5-a03177eb720f
13:10:20:457  INFO 61680 --- [main] o.s.b.w.embedded.tomcat.TomcatWebServer  : Tomcat initialized with port(s): 8081 (http)
13:10:20:474  INFO 61680 --- [main] o.apache.catalina.core.StandardService   : Starting service [Tomcat]
13:10:20:474  INFO 61680 --- [main] org.apache.catalina.core.StandardEngine  : Starting Servlet engine: [Apache Tomcat/9.0.75]
13:10:20:781  INFO 61680 --- [main] o.a.c.c.C.[Tomcat].[localhost].[/]       : Initializing Spring embedded WebApplicationContext
13:10:20:781  INFO 61680 --- [main] w.s.c.ServletWebServerApplicationContext : Root WebApplicationContext: initialization completed in 3485 ms
13:10:22:714  INFO 42516 --- [main] com.hmall.item.ItemApplication           : Starting ItemApplication using Java 11.0.22 on DESKTOP-G9AFBGC with PID 42516 (D:\project\hmall\item-service\target\classes started by zhengshuaijie in D:\project\hmall)
13:10:22:717 DEBUG 42516 --- [main] com.hmall.item.ItemApplication           : Running with Spring Boot v2.7.12, Spring v5.3.27
13:10:22:718  INFO 42516 --- [main] com.hmall.item.ItemApplication           : The following 1 profile is active: "local"
13:10:23:749  INFO 61680 --- [main] o.s.cloud.commons.util.InetUtils         : Cannot determine local hostname
13:10:23:790  INFO 61680 --- [main] pertySourcedRequestMappingHandlerMapping : Mapped URL path [/v2/api-docs] onto method [springfox.documentation.swagger2.web.Swagger2ControllerWebMvc#getDocumentation(String, HttpServletRequest)]
13:10:24:150  INFO 42516 --- [main] o.s.cloud.context.scope.GenericScope     : BeanFactory id=babe49d5-20f4-37aa-99c5-a03177eb720f
13:10:24:561  INFO 42516 --- [main] o.s.b.w.embedded.tomcat.TomcatWebServer  : Tomcat initialized with port(s): 8083 (http)
13:10:24:571  INFO 42516 --- [main] o.apache.catalina.core.StandardService   : Starting service [Tomcat]
13:10:24:571  INFO 42516 --- [main] org.apache.catalina.core.StandardEngine  : Starting Servlet engine: [Apache Tomcat/9.0.75]
13:10:24:781  INFO 42516 --- [main] o.a.c.c.C.[Tomcat].[localhost].[/]       : Initializing Spring embedded WebApplicationContext
13:10:24:782  INFO 42516 --- [main] w.s.c.ServletWebServerApplicationContext : Root WebApplicationContext: initialization completed in 2004 ms
13:10:25:069  INFO 61680 --- [main] o.s.cloud.commons.util.InetUtils         : Cannot determine local hostname
13:10:25:367  INFO 61680 --- [main] com.alibaba.nacos.common.remote.client   : [RpcClientFactory] create a new rpc client of 9a91e7cd-64ea-46f6-a29e-eab801353aa3
13:10:25:490  INFO 61680 --- [main] org.reflections.Reflections              : Reflections took 84 ms to scan 1 urls, producing 3 keys and 6 values 
13:10:25:556  INFO 61680 --- [main] org.reflections.Reflections              : Reflections took 24 ms to scan 1 urls, producing 4 keys and 9 values 
13:10:25:574  INFO 61680 --- [main] org.reflections.Reflections              : Reflections took 11 ms to scan 1 urls, producing 3 keys and 10 values 
13:10:25:579  WARN 61680 --- [main] org.reflections.Reflections              : given scan urls are empty. set urls in the configuration
13:10:25:596  INFO 61680 --- [main] org.reflections.Reflections              : Reflections took 16 ms to scan 1 urls, producing 1 keys and 5 values 
13:10:25:630  INFO 61680 --- [main] org.reflections.Reflections              : Reflections took 15 ms to scan 1 urls, producing 1 keys and 7 values 
13:10:25:653  INFO 61680 --- [main] org.reflections.Reflections              : Reflections took 18 ms to scan 1 urls, producing 2 keys and 8 values 
13:10:25:658  WARN 61680 --- [main] org.reflections.Reflections              : given scan urls are empty. set urls in the configuration
13:10:25:660  INFO 61680 --- [main] com.alibaba.nacos.common.remote.client   : [9a91e7cd-64ea-46f6-a29e-eab801353aa3] RpcClient init label, labels = {module=naming, source=sdk}
13:10:25:664  INFO 61680 --- [main] com.alibaba.nacos.common.remote.client   : [9a91e7cd-64ea-46f6-a29e-eab801353aa3] RpcClient init, ServerListFactory = com.alibaba.nacos.client.naming.core.ServerListManager
13:10:25:664  INFO 61680 --- [main] com.alibaba.nacos.common.remote.client   : [9a91e7cd-64ea-46f6-a29e-eab801353aa3] Registry connection listener to current client:com.alibaba.nacos.client.naming.remote.gprc.redo.NamingGrpcRedoService
13:10:25:666  INFO 61680 --- [main] com.alibaba.nacos.common.remote.client   : [9a91e7cd-64ea-46f6-a29e-eab801353aa3] Register server push request handler:com.alibaba.nacos.client.naming.remote.gprc.NamingPushRequestHandler
13:10:25:668  INFO 61680 --- [main] com.alibaba.nacos.common.remote.client   : [9a91e7cd-64ea-46f6-a29e-eab801353aa3] Try to connect to server on start up, server: {serverIp = '192.168.1.166', server main port = 8848}
13:10:27:197  INFO 61680 --- [main] com.alibaba.nacos.common.remote.client   : [9a91e7cd-64ea-46f6-a29e-eab801353aa3] Success to connect to server [192.168.1.166:8848] on start up, connectionId = 1711170627162_172.17.0.1_42458
13:10:27:198  INFO 61680 --- [com.alibaba.nacos.client.remote.worker] com.alibaba.nacos.common.remote.client   : [9a91e7cd-64ea-46f6-a29e-eab801353aa3] Notify connected event to listeners.
13:10:27:199  INFO 61680 --- [main] com.alibaba.nacos.common.remote.client   : [9a91e7cd-64ea-46f6-a29e-eab801353aa3] Register server push request handler:com.alibaba.nacos.common.remote.client.RpcClient$ConnectResetRequestHandler
13:10:27:200  INFO 61680 --- [main] com.alibaba.nacos.common.remote.client   : [9a91e7cd-64ea-46f6-a29e-eab801353aa3] Register server push request handler:com.alibaba.nacos.common.remote.client.RpcClient$$Lambda$938/0x0000000800717040
13:10:27:279  INFO 61680 --- [main] o.s.b.w.embedded.tomcat.TomcatWebServer  : Tomcat started on port(s): 8081 (http) with context path ''
13:10:27:290  INFO 61680 --- [main] c.a.c.n.registry.NacosServiceRegistry    : nacos registry, DEFAULT_GROUP item-service 169.254.83.107:8081 register finished
13:10:27:677  INFO 42516 --- [main] o.s.cloud.commons.util.InetUtils         : Cannot determine local hostname
13:10:27:706  INFO 42516 --- [main] pertySourcedRequestMappingHandlerMapping : Mapped URL path [/v2/api-docs] onto method [springfox.documentation.swagger2.web.Swagger2ControllerWebMvc#getDocumentation(String, HttpServletRequest)]
13:10:27:807  INFO 61680 --- [nacos-grpc-client-executor-9] com.alibaba.nacos.common.remote.client   : [9a91e7cd-64ea-46f6-a29e-eab801353aa3] Receive server push request, request = NotifySubscriberRequest, requestId = 89
13:10:27:817  INFO 61680 --- [nacos-grpc-client-executor-9] com.alibaba.nacos.common.remote.client   : [9a91e7cd-64ea-46f6-a29e-eab801353aa3] Ack server push request, request = NotifySubscriberRequest, requestId = 89
13:10:28:518  INFO 61680 --- [main] o.s.cloud.commons.util.InetUtils         : Cannot determine local hostname
13:10:28:518  INFO 61680 --- [main] d.s.w.p.DocumentationPluginsBootstrapper : Documentation plugins bootstrapped
13:10:28:522  INFO 61680 --- [main] d.s.w.p.DocumentationPluginsBootstrapper : Found 1 custom documentation plugin(s)
13:10:28:555  INFO 61680 --- [main] s.d.s.w.s.ApiListingReferenceScanner     : Scanning for api listing references
13:10:28:841  INFO 61680 --- [main] com.hmall.item.ItemApplication           : Started ItemApplication in 14.022 seconds (JVM running for 15.75)
13:10:28:985  INFO 42516 --- [main] o.s.cloud.commons.util.InetUtils         : Cannot determine local hostname
13:10:29:318  INFO 42516 --- [main] com.alibaba.nacos.common.remote.client   : [RpcClientFactory] create a new rpc client of afc54f7b-4274-4721-80b1-a280bd326755
13:10:29:409  INFO 42516 --- [main] org.reflections.Reflections              : Reflections took 57 ms to scan 1 urls, producing 3 keys and 6 values 
13:10:29:467  INFO 42516 --- [main] org.reflections.Reflections              : Reflections took 19 ms to scan 1 urls, producing 4 keys and 9 values 
13:10:29:492  INFO 42516 --- [main] org.reflections.Reflections              : Reflections took 18 ms to scan 1 urls, producing 3 keys and 10 values 
13:10:29:500  WARN 42516 --- [main] org.reflections.Reflections              : given scan urls are empty. set urls in the configuration
13:10:29:518  INFO 42516 --- [main] org.reflections.Reflections              : Reflections took 18 ms to scan 1 urls, producing 1 keys and 5 values 
13:10:29:541  INFO 42516 --- [main] org.reflections.Reflections              : Reflections took 17 ms to scan 1 urls, producing 1 keys and 7 values 
13:10:29:567  INFO 42516 --- [main] org.reflections.Reflections              : Reflections took 20 ms to scan 1 urls, producing 2 keys and 8 values 
13:10:29:574  WARN 42516 --- [main] org.reflections.Reflections              : given scan urls are empty. set urls in the configuration
13:10:29:576  INFO 42516 --- [main] com.alibaba.nacos.common.remote.client   : [afc54f7b-4274-4721-80b1-a280bd326755] RpcClient init label, labels = {module=naming, source=sdk}
13:10:29:581  INFO 42516 --- [main] com.alibaba.nacos.common.remote.client   : [afc54f7b-4274-4721-80b1-a280bd326755] RpcClient init, ServerListFactory = com.alibaba.nacos.client.naming.core.ServerListManager
13:10:29:581  INFO 42516 --- [main] com.alibaba.nacos.common.remote.client   : [afc54f7b-4274-4721-80b1-a280bd326755] Registry connection listener to current client:com.alibaba.nacos.client.naming.remote.gprc.redo.NamingGrpcRedoService
13:10:29:583  INFO 42516 --- [main] com.alibaba.nacos.common.remote.client   : [afc54f7b-4274-4721-80b1-a280bd326755] Register server push request handler:com.alibaba.nacos.client.naming.remote.gprc.NamingPushRequestHandler
13:10:29:585  INFO 42516 --- [main] com.alibaba.nacos.common.remote.client   : [afc54f7b-4274-4721-80b1-a280bd326755] Try to connect to server on start up, server: {serverIp = '192.168.1.166', server main port = 8848}
13:10:31:571  INFO 42516 --- [main] com.alibaba.nacos.common.remote.client   : [afc54f7b-4274-4721-80b1-a280bd326755] Success to connect to server [192.168.1.166:8848] on start up, connectionId = 1711170631505_172.17.0.1_54384
13:10:31:572  INFO 42516 --- [com.alibaba.nacos.client.remote.worker] com.alibaba.nacos.common.remote.client   : [afc54f7b-4274-4721-80b1-a280bd326755] Notify connected event to listeners.
13:10:31:573  INFO 42516 --- [main] com.alibaba.nacos.common.remote.client   : [afc54f7b-4274-4721-80b1-a280bd326755] Register server push request handler:com.alibaba.nacos.common.remote.client.RpcClient$ConnectResetRequestHandler
13:10:31:574  INFO 42516 --- [main] com.alibaba.nacos.common.remote.client   : [afc54f7b-4274-4721-80b1-a280bd326755] Register server push request handler:com.alibaba.nacos.common.remote.client.RpcClient$$Lambda$938/0x0000000800717040
13:10:31:663  INFO 42516 --- [main] o.s.b.w.embedded.tomcat.TomcatWebServer  : Tomcat started on port(s): 8083 (http) with context path ''
13:10:31:674  INFO 42516 --- [main] c.a.c.n.registry.NacosServiceRegistry    : nacos registry, DEFAULT_GROUP item-service 169.254.83.107:8083 register finished
13:10:32:096  INFO 61680 --- [nacos-grpc-client-executor-11] com.alibaba.nacos.common.remote.client   : [9a91e7cd-64ea-46f6-a29e-eab801353aa3] Receive server push request, request = NotifySubscriberRequest, requestId = 91
13:10:32:110  INFO 61680 --- [nacos-grpc-client-executor-11] com.alibaba.nacos.common.remote.client   : [9a91e7cd-64ea-46f6-a29e-eab801353aa3] Ack server push request, request = NotifySubscriberRequest, requestId = 91
13:10:32:123  INFO 42516 --- [nacos-grpc-client-executor-9] com.alibaba.nacos.common.remote.client   : [afc54f7b-4274-4721-80b1-a280bd326755] Receive server push request, request = NotifySubscriberRequest, requestId = 90
13:10:32:133  INFO 42516 --- [nacos-grpc-client-executor-9] com.alibaba.nacos.common.remote.client   : [afc54f7b-4274-4721-80b1-a280bd326755] Ack server push request, request = NotifySubscriberRequest, requestId = 90
13:10:32:945  INFO 42516 --- [main] o.s.cloud.commons.util.InetUtils         : Cannot determine local hostname
13:10:32:945  INFO 42516 --- [main] d.s.w.p.DocumentationPluginsBootstrapper : Documentation plugins bootstrapped
13:10:32:949  INFO 42516 --- [main] d.s.w.p.DocumentationPluginsBootstrapper : Found 1 custom documentation plugin(s)
13:10:32:984  INFO 42516 --- [main] s.d.s.w.s.ApiListingReferenceScanner     : Scanning for api listing references
13:10:33:155  INFO 42516 --- [main] com.hmall.item.ItemApplication           : Started ItemApplication in 12.472 seconds (JVM running for 14.493)
13:11:16:921  INFO 61680 --- [http-nio-8081-exec-1] o.a.c.c.C.[Tomcat].[localhost].[/]       : Initializing Spring DispatcherServlet 'dispatcherServlet'
13:11:16:921  INFO 61680 --- [http-nio-8081-exec-1] o.s.web.servlet.DispatcherServlet        : Initializing Servlet 'dispatcherServlet'
13:11:16:923  INFO 61680 --- [http-nio-8081-exec-1] o.s.web.servlet.DispatcherServlet        : Completed initialization in 2 ms
13:11:17:075  INFO 61680 --- [http-nio-8081-exec-1] com.zaxxer.hikari.HikariDataSource       : HikariPool-1 - Starting...
13:11:17:349  INFO 61680 --- [http-nio-8081-exec-1] com.zaxxer.hikari.HikariDataSource       : HikariPool-1 - Start completed.
13:11:17:355 DEBUG 61680 --- [http-nio-8081-exec-1] c.h.i.m.ItemMapper.selectPage_mpCount    : ==>  Preparing: SELECT COUNT(*) FROM item
13:11:17:379 DEBUG 61680 --- [http-nio-8081-exec-1] c.h.i.m.ItemMapper.selectPage_mpCount    : ==> Parameters: 
13:11:17:411 DEBUG 61680 --- [http-nio-8081-exec-1] c.h.i.m.ItemMapper.selectPage_mpCount    : <==      Total: 1
13:11:17:424 DEBUG 61680 --- [http-nio-8081-exec-1] c.h.item.mapper.ItemMapper.selectPage    : ==>  Preparing: SELECT id, name, price, stock, image, category, brand, spec, sold, comment_count, isAD, status, create_time, update_time, creater, updater FROM item ORDER BY update_time DESC LIMIT ?
13:11:17:424 DEBUG 61680 --- [http-nio-8081-exec-1] c.h.item.mapper.ItemMapper.selectPage    : ==> Parameters: 2(Long)
13:11:17:430 DEBUG 61680 --- [http-nio-8081-exec-1] c.h.item.mapper.ItemMapper.selectPage    : <==      Total: 2
13:11:19:029  INFO 42516 --- [http-nio-8083-exec-1] o.a.c.c.C.[Tomcat].[localhost].[/]       : Initializing Spring DispatcherServlet 'dispatcherServlet'
13:11:19:029  INFO 42516 --- [http-nio-8083-exec-1] o.s.web.servlet.DispatcherServlet        : Initializing Servlet 'dispatcherServlet'
13:11:19:031  INFO 42516 --- [http-nio-8083-exec-1] o.s.web.servlet.DispatcherServlet        : Completed initialization in 2 ms
13:11:19:176  INFO 42516 --- [http-nio-8083-exec-1] com.zaxxer.hikari.HikariDataSource       : HikariPool-1 - Starting...
13:11:19:472  INFO 42516 --- [http-nio-8083-exec-1] com.zaxxer.hikari.HikariDataSource       : HikariPool-1 - Start completed.
13:11:19:481 DEBUG 42516 --- [http-nio-8083-exec-1] c.h.i.m.ItemMapper.selectPage_mpCount    : ==>  Preparing: SELECT COUNT(*) FROM item
13:11:19:506 DEBUG 42516 --- [http-nio-8083-exec-1] c.h.i.m.ItemMapper.selectPage_mpCount    : ==> Parameters: 
13:11:19:541 DEBUG 42516 --- [http-nio-8083-exec-1] c.h.i.m.ItemMapper.selectPage_mpCount    : <==      Total: 1
13:11:19:555 DEBUG 42516 --- [http-nio-8083-exec-1] c.h.item.mapper.ItemMapper.selectPage    : ==>  Preparing: SELECT id, name, price, stock, image, category, brand, spec, sold, comment_count, isAD, status, create_time, update_time, creater, updater FROM item ORDER BY update_time DESC LIMIT ?
13:11:19:556 DEBUG 42516 --- [http-nio-8083-exec-1] c.h.item.mapper.ItemMapper.selectPage    : ==> Parameters: 2(Long)
13:11:19:568 DEBUG 42516 --- [http-nio-8083-exec-1] c.h.item.mapper.ItemMapper.selectPage    : <==      Total: 2
13:11:21:292 DEBUG 61680 --- [http-nio-8081-exec-2] c.h.i.m.ItemMapper.selectPage_mpCount    : ==>  Preparing: SELECT COUNT(*) FROM item
13:11:21:293 DEBUG 61680 --- [http-nio-8081-exec-2] c.h.i.m.ItemMapper.selectPage_mpCount    : ==> Parameters: 
13:11:21:306 DEBUG 61680 --- [http-nio-8081-exec-2] c.h.i.m.ItemMapper.selectPage_mpCount    : <==      Total: 1
13:11:21:308 DEBUG 61680 --- [http-nio-8081-exec-2] c.h.item.mapper.ItemMapper.selectPage    : ==>  Preparing: SELECT id, name, price, stock, image, category, brand, spec, sold, comment_count, isAD, status, create_time, update_time, creater, updater FROM item ORDER BY update_time DESC LIMIT ?
13:11:21:308 DEBUG 61680 --- [http-nio-8081-exec-2] c.h.item.mapper.ItemMapper.selectPage    : ==> Parameters: 3(Long)
13:11:21:313 DEBUG 61680 --- [http-nio-8081-exec-2] c.h.item.mapper.ItemMapper.selectPage    : <==      Total: 3
13:11:23:773 DEBUG 42516 --- [http-nio-8083-exec-2] c.h.i.m.ItemMapper.selectPage_mpCount    : ==>  Preparing: SELECT COUNT(*) FROM item
13:11:23:774 DEBUG 42516 --- [http-nio-8083-exec-2] c.h.i.m.ItemMapper.selectPage_mpCount    : ==> Parameters: 
13:11:23:786 DEBUG 42516 --- [http-nio-8083-exec-2] c.h.i.m.ItemMapper.selectPage_mpCount    : <==      Total: 1
13:11:23:788 DEBUG 42516 --- [http-nio-8083-exec-2] c.h.item.mapper.ItemMapper.selectPage    : ==>  Preparing: SELECT id, name, price, stock, image, category, brand, spec, sold, comment_count, isAD, status, create_time, update_time, creater, updater FROM item ORDER BY update_time DESC LIMIT ?
13:11:23:788 DEBUG 42516 --- [http-nio-8083-exec-2] c.h.item.mapper.ItemMapper.selectPage    : ==> Parameters: 4(Long)
13:11:23:792 DEBUG 42516 --- [http-nio-8083-exec-2] c.h.item.mapper.ItemMapper.selectPage    : <==      Total: 4
13:13:21:875 DEBUG 61680 --- [http-nio-8081-exec-4] c.h.i.m.ItemMapper.selectPage_mpCount    : ==>  Preparing: SELECT COUNT(*) FROM item
13:13:21:875 DEBUG 61680 --- [http-nio-8081-exec-4] c.h.i.m.ItemMapper.selectPage_mpCount    : ==> Parameters: 
13:13:21:886 DEBUG 61680 --- [http-nio-8081-exec-4] c.h.i.m.ItemMapper.selectPage_mpCount    : <==      Total: 1
13:13:21:888 DEBUG 61680 --- [http-nio-8081-exec-4] c.h.item.mapper.ItemMapper.selectPage    : ==>  Preparing: SELECT id, name, price, stock, image, category, brand, spec, sold, comment_count, isAD, status, create_time, update_time, creater, updater FROM item ORDER BY update_time DESC LIMIT ?
13:13:21:888 DEBUG 61680 --- [http-nio-8081-exec-4] c.h.item.mapper.ItemMapper.selectPage    : ==> Parameters: 4(Long)
13:13:21:891 DEBUG 61680 --- [http-nio-8081-exec-4] c.h.item.mapper.ItemMapper.selectPage    : <==      Total: 4
13:16:27:103  WARN 61680 --- [Thread-7] c.a.n.common.http.HttpClientBeanHolder   : [HttpClientBeanHolder] Start destroying common HttpClient
13:16:27:103  WARN 61680 --- [Thread-4] c.a.nacos.common.notify.NotifyCenter     : [NotifyCenter] Start destroying Publisher
13:16:27:104  WARN 61680 --- [Thread-4] c.a.nacos.common.notify.NotifyCenter     : [NotifyCenter] Destruction of the end
13:16:27:104  WARN 61680 --- [Thread-7] c.a.n.common.http.HttpClientBeanHolder   : [HttpClientBeanHolder] Destruction of the end
13:16:27:142  WARN 42516 --- [Thread-7] c.a.n.common.http.HttpClientBeanHolder   : [HttpClientBeanHolder] Start destroying common HttpClient
13:16:27:142  WARN 42516 --- [Thread-4] c.a.nacos.common.notify.NotifyCenter     : [NotifyCenter] Start destroying Publisher
13:16:27:143  WARN 42516 --- [Thread-4] c.a.nacos.common.notify.NotifyCenter     : [NotifyCenter] Destruction of the end
13:16:27:144  WARN 42516 --- [Thread-7] c.a.n.common.http.HttpClientBeanHolder   : [HttpClientBeanHolder] Destruction of the end
13:16:27:307  INFO 61680 --- [SpringApplicationShutdownHook] c.a.c.n.registry.NacosServiceRegistry    : De-registering from Nacos Server now...
13:16:27:311  INFO 61680 --- [SpringApplicationShutdownHook] c.a.c.n.registry.NacosServiceRegistry    : De-registration finished.
13:16:27:340  INFO 42516 --- [SpringApplicationShutdownHook] c.a.c.n.registry.NacosServiceRegistry    : De-registering from Nacos Server now...
13:16:27:343  INFO 42516 --- [SpringApplicationShutdownHook] c.a.c.n.registry.NacosServiceRegistry    : De-registration finished.
13:16:27:620  INFO 61680 --- [SpringApplicationShutdownHook] com.alibaba.nacos.common.remote.client   : Shutdown rpc client, set status to shutdown
13:16:27:620  INFO 61680 --- [SpringApplicationShutdownHook] com.alibaba.nacos.common.remote.client   : Shutdown client event executor java.util.concurrent.ScheduledThreadPoolExecutor@502608ef[Running, pool size = 2, active threads = 2, queued tasks = 0, completed tasks = 0]
13:16:27:620  INFO 61680 --- [SpringApplicationShutdownHook] com.alibaba.nacos.common.remote.client   : Close current connection 1711170627162_172.17.0.1_42458
13:16:27:624  INFO 61680 --- [nacos-grpc-client-executor-88] c.a.n.c.remote.client.grpc.GrpcClient    : [1711170627162_172.17.0.1_42458]Ignore complete event,isRunning:false,isAbandon=false
13:16:27:640  INFO 61680 --- [SpringApplicationShutdownHook] c.a.n.c.remote.client.grpc.GrpcClient    : Shutdown grpc executor java.util.concurrent.ThreadPoolExecutor@4f6b4503[Running, pool size = 5, active threads = 0, queued tasks = 0, completed tasks = 89]
13:16:27:649  INFO 61680 --- [SpringApplicationShutdownHook] com.zaxxer.hikari.HikariDataSource       : HikariPool-1 - Shutdown initiated...
13:16:27:651  INFO 42516 --- [SpringApplicationShutdownHook] com.alibaba.nacos.common.remote.client   : Shutdown rpc client, set status to shutdown
13:16:27:651  INFO 42516 --- [SpringApplicationShutdownHook] com.alibaba.nacos.common.remote.client   : Shutdown client event executor java.util.concurrent.ScheduledThreadPoolExecutor@246d5e39[Running, pool size = 2, active threads = 2, queued tasks = 0, completed tasks = 0]
13:16:27:651  INFO 42516 --- [SpringApplicationShutdownHook] com.alibaba.nacos.common.remote.client   : Close current connection 1711170631505_172.17.0.1_54384
13:16:27:653  INFO 42516 --- [nacos-grpc-client-executor-85] c.a.n.c.remote.client.grpc.GrpcClient    : [1711170631505_172.17.0.1_54384]Ignore complete event,isRunning:false,isAbandon=false
13:16:27:664  INFO 42516 --- [SpringApplicationShutdownHook] c.a.n.c.remote.client.grpc.GrpcClient    : Shutdown grpc executor java.util.concurrent.ThreadPoolExecutor@22d9c972[Running, pool size = 5, active threads = 0, queued tasks = 0, completed tasks = 86]
13:16:27:668  INFO 61680 --- [SpringApplicationShutdownHook] com.zaxxer.hikari.HikariDataSource       : HikariPool-1 - Shutdown completed.
13:16:27:671  INFO 42516 --- [SpringApplicationShutdownHook] com.zaxxer.hikari.HikariDataSource       : HikariPool-1 - Shutdown initiated...
13:16:27:688  INFO 42516 --- [SpringApplicationShutdownHook] com.zaxxer.hikari.HikariDataSource       : HikariPool-1 - Shutdown completed.
13:16:34:996  INFO 55680 --- [main] com.hmall.item.ItemApplication           : Starting ItemApplication using Java 11.0.22 on DESKTOP-G9AFBGC with PID 55680 (D:\project\hmall\item-service\target\classes started by zhengshuaijie in D:\project\hmall)
13:16:35:001 DEBUG 55680 --- [main] com.hmall.item.ItemApplication           : Running with Spring Boot v2.7.12, Spring v5.3.27
13:16:35:001  INFO 55680 --- [main] com.hmall.item.ItemApplication           : The following 1 profile is active: "local"
13:16:36:883  INFO 55680 --- [main] o.s.cloud.context.scope.GenericScope     : BeanFactory id=db4bb69f-3b28-3395-94c0-9e6320bfd1d7
13:16:37:498  INFO 55680 --- [main] o.s.b.w.embedded.tomcat.TomcatWebServer  : Tomcat initialized with port(s): 8081 (http)
13:16:37:510  INFO 55680 --- [main] o.apache.catalina.core.StandardService   : Starting service [Tomcat]
13:16:37:510  INFO 55680 --- [main] org.apache.catalina.core.StandardEngine  : Starting Servlet engine: [Apache Tomcat/9.0.75]
13:16:37:736  INFO 55680 --- [main] o.a.c.c.C.[Tomcat].[localhost].[/]       : Initializing Spring embedded WebApplicationContext
13:16:37:737  INFO 55680 --- [main] w.s.c.ServletWebServerApplicationContext : Root WebApplicationContext: initialization completed in 2658 ms
13:16:38:405  INFO 17424 --- [main] com.hmall.item.ItemApplication           : Starting ItemApplication using Java 11.0.22 on DESKTOP-G9AFBGC with PID 17424 (D:\project\hmall\item-service\target\classes started by zhengshuaijie in D:\project\hmall)
13:16:38:408 DEBUG 17424 --- [main] com.hmall.item.ItemApplication           : Running with Spring Boot v2.7.12, Spring v5.3.27
13:16:38:408  INFO 17424 --- [main] com.hmall.item.ItemApplication           : The following 1 profile is active: "local"
13:16:40:012  INFO 17424 --- [main] o.s.cloud.context.scope.GenericScope     : BeanFactory id=db4bb69f-3b28-3395-94c0-9e6320bfd1d7
13:16:40:471  INFO 17424 --- [main] o.s.b.w.embedded.tomcat.TomcatWebServer  : Tomcat initialized with port(s): 8083 (http)
13:16:40:486  INFO 17424 --- [main] o.apache.catalina.core.StandardService   : Starting service [Tomcat]
13:16:40:486  INFO 17424 --- [main] org.apache.catalina.core.StandardEngine  : Starting Servlet engine: [Apache Tomcat/9.0.75]
13:16:40:708  INFO 17424 --- [main] o.a.c.c.C.[Tomcat].[localhost].[/]       : Initializing Spring embedded WebApplicationContext
13:16:40:709  INFO 17424 --- [main] w.s.c.ServletWebServerApplicationContext : Root WebApplicationContext: initialization completed in 2241 ms
13:16:40:710  INFO 55680 --- [main] o.s.cloud.commons.util.InetUtils         : Cannot determine local hostname
13:16:40:745  INFO 55680 --- [main] pertySourcedRequestMappingHandlerMapping : Mapped URL path [/v2/api-docs] onto method [springfox.documentation.swagger2.web.Swagger2ControllerWebMvc#getDocumentation(String, HttpServletRequest)]
13:16:42:061  INFO 55680 --- [main] o.s.cloud.commons.util.InetUtils         : Cannot determine local hostname
13:16:42:305  INFO 55680 --- [main] com.alibaba.nacos.common.remote.client   : [RpcClientFactory] create a new rpc client of dcab68bb-7657-44ce-8b54-97c178c87161
13:16:42:370  INFO 55680 --- [main] org.reflections.Reflections              : Reflections took 36 ms to scan 1 urls, producing 3 keys and 6 values 
13:16:42:406  INFO 55680 --- [main] org.reflections.Reflections              : Reflections took 11 ms to scan 1 urls, producing 4 keys and 9 values 
13:16:42:420  INFO 55680 --- [main] org.reflections.Reflections              : Reflections took 8 ms to scan 1 urls, producing 3 keys and 10 values 
13:16:42:425  WARN 55680 --- [main] org.reflections.Reflections              : given scan urls are empty. set urls in the configuration
13:16:42:434  INFO 55680 --- [main] org.reflections.Reflections              : Reflections took 8 ms to scan 1 urls, producing 1 keys and 5 values 
13:16:42:451  INFO 55680 --- [main] org.reflections.Reflections              : Reflections took 14 ms to scan 1 urls, producing 1 keys and 7 values 
13:16:42:463  INFO 55680 --- [main] org.reflections.Reflections              : Reflections took 8 ms to scan 1 urls, producing 2 keys and 8 values 
13:16:42:467  WARN 55680 --- [main] org.reflections.Reflections              : given scan urls are empty. set urls in the configuration
13:16:42:468  INFO 55680 --- [main] com.alibaba.nacos.common.remote.client   : [dcab68bb-7657-44ce-8b54-97c178c87161] RpcClient init label, labels = {module=naming, source=sdk}
13:16:42:473  INFO 55680 --- [main] com.alibaba.nacos.common.remote.client   : [dcab68bb-7657-44ce-8b54-97c178c87161] RpcClient init, ServerListFactory = com.alibaba.nacos.client.naming.core.ServerListManager
13:16:42:473  INFO 55680 --- [main] com.alibaba.nacos.common.remote.client   : [dcab68bb-7657-44ce-8b54-97c178c87161] Registry connection listener to current client:com.alibaba.nacos.client.naming.remote.gprc.redo.NamingGrpcRedoService
13:16:42:475  INFO 55680 --- [main] com.alibaba.nacos.common.remote.client   : [dcab68bb-7657-44ce-8b54-97c178c87161] Register server push request handler:com.alibaba.nacos.client.naming.remote.gprc.NamingPushRequestHandler
13:16:42:477  INFO 55680 --- [main] com.alibaba.nacos.common.remote.client   : [dcab68bb-7657-44ce-8b54-97c178c87161] Try to connect to server on start up, server: {serverIp = '192.168.1.166', server main port = 8848}
13:16:43:446  INFO 17424 --- [main] o.s.cloud.commons.util.InetUtils         : Cannot determine local hostname
13:16:43:495  INFO 17424 --- [main] pertySourcedRequestMappingHandlerMapping : Mapped URL path [/v2/api-docs] onto method [springfox.documentation.swagger2.web.Swagger2ControllerWebMvc#getDocumentation(String, HttpServletRequest)]
13:16:44:023  INFO 55680 --- [main] com.alibaba.nacos.common.remote.client   : [dcab68bb-7657-44ce-8b54-97c178c87161] Success to connect to server [192.168.1.166:8848] on start up, connectionId = 1711171003953_172.17.0.1_57522
13:16:44:024  INFO 55680 --- [com.alibaba.nacos.client.remote.worker] com.alibaba.nacos.common.remote.client   : [dcab68bb-7657-44ce-8b54-97c178c87161] Notify connected event to listeners.
13:16:44:026  INFO 55680 --- [main] com.alibaba.nacos.common.remote.client   : [dcab68bb-7657-44ce-8b54-97c178c87161] Register server push request handler:com.alibaba.nacos.common.remote.client.RpcClient$ConnectResetRequestHandler
13:16:44:027  INFO 55680 --- [main] com.alibaba.nacos.common.remote.client   : [dcab68bb-7657-44ce-8b54-97c178c87161] Register server push request handler:com.alibaba.nacos.common.remote.client.RpcClient$$Lambda$938/0x0000000800717040
13:16:44:094  INFO 55680 --- [main] o.s.b.w.embedded.tomcat.TomcatWebServer  : Tomcat started on port(s): 8081 (http) with context path ''
13:16:44:104  INFO 55680 --- [main] c.a.c.n.registry.NacosServiceRegistry    : nacos registry, DEFAULT_GROUP item-service 169.254.83.107:8081 register finished
13:16:44:636  INFO 55680 --- [nacos-grpc-client-executor-10] com.alibaba.nacos.common.remote.client   : [dcab68bb-7657-44ce-8b54-97c178c87161] Receive server push request, request = NotifySubscriberRequest, requestId = 95
13:16:44:647  INFO 55680 --- [nacos-grpc-client-executor-10] com.alibaba.nacos.common.remote.client   : [dcab68bb-7657-44ce-8b54-97c178c87161] Ack server push request, request = NotifySubscriberRequest, requestId = 95
13:16:44:848  INFO 17424 --- [main] o.s.cloud.commons.util.InetUtils         : Cannot determine local hostname
13:16:45:184  INFO 17424 --- [main] com.alibaba.nacos.common.remote.client   : [RpcClientFactory] create a new rpc client of 8dfbcf79-88bd-4802-b61d-b5bb98cf8027
13:16:45:272  INFO 17424 --- [main] org.reflections.Reflections              : Reflections took 46 ms to scan 1 urls, producing 3 keys and 6 values 
13:16:45:314  INFO 55680 --- [main] o.s.cloud.commons.util.InetUtils         : Cannot determine local hostname
13:16:45:314  INFO 55680 --- [main] d.s.w.p.DocumentationPluginsBootstrapper : Documentation plugins bootstrapped
13:16:45:317  INFO 55680 --- [main] d.s.w.p.DocumentationPluginsBootstrapper : Found 1 custom documentation plugin(s)
13:16:45:318  INFO 17424 --- [main] org.reflections.Reflections              : Reflections took 15 ms to scan 1 urls, producing 4 keys and 9 values 
13:16:45:336  INFO 17424 --- [main] org.reflections.Reflections              : Reflections took 13 ms to scan 1 urls, producing 3 keys and 10 values 
13:16:45:342  WARN 17424 --- [main] org.reflections.Reflections              : given scan urls are empty. set urls in the configuration
13:16:45:351  INFO 55680 --- [main] s.d.s.w.s.ApiListingReferenceScanner     : Scanning for api listing references
13:16:45:356  INFO 17424 --- [main] org.reflections.Reflections              : Reflections took 13 ms to scan 1 urls, producing 1 keys and 5 values 
13:16:45:372  INFO 17424 --- [main] org.reflections.Reflections              : Reflections took 11 ms to scan 1 urls, producing 1 keys and 7 values 
13:16:45:387  INFO 17424 --- [main] org.reflections.Reflections              : Reflections took 11 ms to scan 1 urls, producing 2 keys and 8 values 
13:16:45:393  WARN 17424 --- [main] org.reflections.Reflections              : given scan urls are empty. set urls in the configuration
13:16:45:395  INFO 17424 --- [main] com.alibaba.nacos.common.remote.client   : [8dfbcf79-88bd-4802-b61d-b5bb98cf8027] RpcClient init label, labels = {module=naming, source=sdk}
13:16:45:400  INFO 17424 --- [main] com.alibaba.nacos.common.remote.client   : [8dfbcf79-88bd-4802-b61d-b5bb98cf8027] RpcClient init, ServerListFactory = com.alibaba.nacos.client.naming.core.ServerListManager
13:16:45:400  INFO 17424 --- [main] com.alibaba.nacos.common.remote.client   : [8dfbcf79-88bd-4802-b61d-b5bb98cf8027] Registry connection listener to current client:com.alibaba.nacos.client.naming.remote.gprc.redo.NamingGrpcRedoService
13:16:45:402  INFO 17424 --- [main] com.alibaba.nacos.common.remote.client   : [8dfbcf79-88bd-4802-b61d-b5bb98cf8027] Register server push request handler:com.alibaba.nacos.client.naming.remote.gprc.NamingPushRequestHandler
13:16:45:404  INFO 17424 --- [main] com.alibaba.nacos.common.remote.client   : [8dfbcf79-88bd-4802-b61d-b5bb98cf8027] Try to connect to server on start up, server: {serverIp = '192.168.1.166', server main port = 8848}
13:16:45:531  INFO 55680 --- [main] com.hmall.item.ItemApplication           : Started ItemApplication in 12.675 seconds (JVM running for 14.038)
13:16:47:449  INFO 17424 --- [main] com.alibaba.nacos.common.remote.client   : [8dfbcf79-88bd-4802-b61d-b5bb98cf8027] Success to connect to server [192.168.1.166:8848] on start up, connectionId = 1711171007358_172.17.0.1_57538
13:16:47:451  INFO 17424 --- [com.alibaba.nacos.client.remote.worker] com.alibaba.nacos.common.remote.client   : [8dfbcf79-88bd-4802-b61d-b5bb98cf8027] Notify connected event to listeners.
13:16:47:453  INFO 17424 --- [main] com.alibaba.nacos.common.remote.client   : [8dfbcf79-88bd-4802-b61d-b5bb98cf8027] Register server push request handler:com.alibaba.nacos.common.remote.client.RpcClient$ConnectResetRequestHandler
13:16:47:454  INFO 17424 --- [main] com.alibaba.nacos.common.remote.client   : [8dfbcf79-88bd-4802-b61d-b5bb98cf8027] Register server push request handler:com.alibaba.nacos.common.remote.client.RpcClient$$Lambda$938/0x0000000800717040
13:16:47:575  INFO 17424 --- [main] o.s.b.w.embedded.tomcat.TomcatWebServer  : Tomcat started on port(s): 8083 (http) with context path ''
13:16:47:589  INFO 17424 --- [main] c.a.c.n.registry.NacosServiceRegistry    : nacos registry, DEFAULT_GROUP item-service 169.254.83.107:8083 register finished
13:16:48:025  INFO 55680 --- [nacos-grpc-client-executor-13] com.alibaba.nacos.common.remote.client   : [dcab68bb-7657-44ce-8b54-97c178c87161] Receive server push request, request = NotifySubscriberRequest, requestId = 97
13:16:48:036  INFO 55680 --- [nacos-grpc-client-executor-13] com.alibaba.nacos.common.remote.client   : [dcab68bb-7657-44ce-8b54-97c178c87161] Ack server push request, request = NotifySubscriberRequest, requestId = 97
13:16:48:051  INFO 17424 --- [nacos-grpc-client-executor-8] com.alibaba.nacos.common.remote.client   : [8dfbcf79-88bd-4802-b61d-b5bb98cf8027] Receive server push request, request = NotifySubscriberRequest, requestId = 96
13:16:48:061  INFO 17424 --- [nacos-grpc-client-executor-8] com.alibaba.nacos.common.remote.client   : [8dfbcf79-88bd-4802-b61d-b5bb98cf8027] Ack server push request, request = NotifySubscriberRequest, requestId = 96
13:16:48:923  INFO 17424 --- [main] o.s.cloud.commons.util.InetUtils         : Cannot determine local hostname
13:16:48:923  INFO 17424 --- [main] d.s.w.p.DocumentationPluginsBootstrapper : Documentation plugins bootstrapped
13:16:48:927  INFO 17424 --- [main] d.s.w.p.DocumentationPluginsBootstrapper : Found 1 custom documentation plugin(s)
13:16:48:967  INFO 17424 --- [main] s.d.s.w.s.ApiListingReferenceScanner     : Scanning for api listing references
13:16:49:106  INFO 17424 --- [main] com.hmall.item.ItemApplication           : Started ItemApplication in 12.773 seconds (JVM running for 14.139)
13:17:15:506  INFO 17424 --- [http-nio-8083-exec-1] o.a.c.c.C.[Tomcat].[localhost].[/]       : Initializing Spring DispatcherServlet 'dispatcherServlet'
13:17:15:507  INFO 17424 --- [http-nio-8083-exec-1] o.s.web.servlet.DispatcherServlet        : Initializing Servlet 'dispatcherServlet'
13:17:15:508  INFO 17424 --- [http-nio-8083-exec-1] o.s.web.servlet.DispatcherServlet        : Completed initialization in 1 ms
13:17:40:442  INFO 55680 --- [http-nio-8081-exec-1] o.a.c.c.C.[Tomcat].[localhost].[/]       : Initializing Spring DispatcherServlet 'dispatcherServlet'
13:17:40:442  INFO 55680 --- [http-nio-8081-exec-1] o.s.web.servlet.DispatcherServlet        : Initializing Servlet 'dispatcherServlet'
13:17:40:443  INFO 55680 --- [http-nio-8081-exec-1] o.s.web.servlet.DispatcherServlet        : Completed initialization in 1 ms
13:17:40:545  INFO 55680 --- [http-nio-8081-exec-1] com.zaxxer.hikari.HikariDataSource       : HikariPool-1 - Starting...
13:17:40:831  INFO 55680 --- [http-nio-8081-exec-1] com.zaxxer.hikari.HikariDataSource       : HikariPool-1 - Start completed.
13:17:40:837 DEBUG 55680 --- [http-nio-8081-exec-1] c.h.i.mapper.ItemMapper.selectBatchIds   : ==>  Preparing: SELECT id,name,price,stock,image,category,brand,spec,sold,comment_count,isAD,status,create_time,update_time,creater,updater FROM item WHERE id IN ( ? )
13:17:40:860 DEBUG 55680 --- [http-nio-8081-exec-1] c.h.i.mapper.ItemMapper.selectBatchIds   : ==> Parameters: 100000006163(Long)
13:17:40:885 DEBUG 55680 --- [http-nio-8081-exec-1] c.h.i.mapper.ItemMapper.selectBatchIds   : <==      Total: 1
13:17:44:981 DEBUG 55680 --- [http-nio-8081-exec-2] c.h.i.m.ItemMapper.selectPage_mpCount    : ==>  Preparing: SELECT COUNT(*) FROM item WHERE (status = ?)
13:17:44:982 DEBUG 55680 --- [http-nio-8081-exec-2] c.h.i.m.ItemMapper.selectPage_mpCount    : ==> Parameters: 1(Integer)
13:17:45:024 DEBUG 55680 --- [http-nio-8081-exec-2] c.h.i.m.ItemMapper.selectPage_mpCount    : <==      Total: 1
13:17:45:034 DEBUG 55680 --- [http-nio-8081-exec-2] c.h.item.mapper.ItemMapper.selectPage    : ==>  Preparing: SELECT id, name, price, stock, image, category, brand, spec, sold, comment_count, isAD, status, create_time, update_time, creater, updater FROM item WHERE (status = ?) ORDER BY update_time DESC LIMIT ?
13:17:45:034 DEBUG 55680 --- [http-nio-8081-exec-2] c.h.item.mapper.ItemMapper.selectPage    : ==> Parameters: 1(Integer), 20(Long)
13:17:45:045 DEBUG 55680 --- [http-nio-8081-exec-2] c.h.item.mapper.ItemMapper.selectPage    : <==      Total: 20
13:18:19:556  INFO 17424 --- [http-nio-8083-exec-5] com.zaxxer.hikari.HikariDataSource       : HikariPool-1 - Starting...
13:18:19:901  INFO 17424 --- [http-nio-8083-exec-5] com.zaxxer.hikari.HikariDataSource       : HikariPool-1 - Start completed.
13:18:19:908 DEBUG 17424 --- [http-nio-8083-exec-5] c.h.i.m.ItemMapper.selectPage_mpCount    : ==>  Preparing: SELECT COUNT(*) FROM item WHERE (status = ?)
13:18:19:933 DEBUG 17424 --- [http-nio-8083-exec-5] c.h.i.m.ItemMapper.selectPage_mpCount    : ==> Parameters: 1(Integer)
13:18:19:998 DEBUG 17424 --- [http-nio-8083-exec-5] c.h.i.m.ItemMapper.selectPage_mpCount    : <==      Total: 1
13:18:20:014 DEBUG 17424 --- [http-nio-8083-exec-5] c.h.item.mapper.ItemMapper.selectPage    : ==>  Preparing: SELECT id, name, price, stock, image, category, brand, spec, sold, comment_count, isAD, status, create_time, update_time, creater, updater FROM item WHERE (status = ?) ORDER BY update_time DESC LIMIT ?
13:18:20:015 DEBUG 17424 --- [http-nio-8083-exec-5] c.h.item.mapper.ItemMapper.selectPage    : ==> Parameters: 1(Integer), 20(Long)
13:18:20:032 DEBUG 17424 --- [http-nio-8083-exec-5] c.h.item.mapper.ItemMapper.selectPage    : <==      Total: 20
13:53:46:842 DEBUG 55680 --- [http-nio-8081-exec-5] c.h.i.m.ItemMapper.selectPage_mpCount    : ==>  Preparing: SELECT COUNT(*) FROM item
13:53:46:844 DEBUG 55680 --- [http-nio-8081-exec-5] c.h.i.m.ItemMapper.selectPage_mpCount    : ==> Parameters: 
13:53:46:854 DEBUG 55680 --- [http-nio-8081-exec-5] c.h.i.m.ItemMapper.selectPage_mpCount    : <==      Total: 1
13:53:46:855 DEBUG 55680 --- [http-nio-8081-exec-5] c.h.item.mapper.ItemMapper.selectPage    : ==>  Preparing: SELECT id, name, price, stock, image, category, brand, spec, sold, comment_count, isAD, status, create_time, update_time, creater, updater FROM item ORDER BY update_time DESC LIMIT ?
13:53:46:856 DEBUG 55680 --- [http-nio-8081-exec-5] c.h.item.mapper.ItemMapper.selectPage    : ==> Parameters: 4(Long)
13:53:46:859 DEBUG 55680 --- [http-nio-8081-exec-5] c.h.item.mapper.ItemMapper.selectPage    : <==      Total: 4
